app/build/outputs/mapping/release/configuration.txt
# The proguard configuration file for the following section is default_proguard_files\global\proguard-android-optimize.txt-7.0.4
# This is a configuration file for ProGuard.
# http://proguard.sourceforge.net/index.html#manual/usage.html
#
# Starting with version 2.2 of the Android plugin for Gradle, this file is distributed together with
# the plugin and unpacked at build-time. The files in $ANDROID_HOME are no longer maintained and
# will be ignored by new version of the Android plugin for Gradle.

# Optimizations: If you don't want to optimize, use the proguard-android.txt configuration file
# instead of this one, which turns off the optimization flags.
# Adding optimization introduces certain risks, since for example not all optimizations performed by
# ProGuard works on all versions of Dalvik.  The following flags turn off various optimizations
# known to have issues, but the list may not be complete or up to date. (The "arithmetic"
# optimization can be used if you are only targeting Android 2.0 or later.)  Make sure you test
# thoroughly if you go this route.
-optimizations !code/simplification/arithmetic,!code/simplification/cast,!field/*,!class/merging/*
-optimizationpasses 5
-allowaccessmodification

-dontusemixedcaseclassnames
-dontskipnonpubliclibraryclasses
-verbose

# Preserve some attributes that may be required for reflection.
-keepattributes *Annotation*,Signature,InnerClasses,EnclosingMethod

-keep public class com.google.vending.licensing.ILicensingService
-keep public class com.android.vending.licensing.ILicensingService
-keep public class com.google.android.vending.licensing.ILicensingService
-dontnote com.android.vending.licensing.ILicensingService
-dontnote com.google.vending.licensing.ILicensingService
-dontnote com.google.android.vending.licensing.ILicensingService

# For native methods, see http://proguard.sourceforge.net/manual/examples.html#native
-keepclasseswithmembernames,includedescriptorclasses class * {
    native <methods>;
}

# Keep setters in Views so that animations can still work.
-keepclassmembers public class * extends android.view.View {
    void set*(***);
    *** get*();
}

# We want to keep methods in Activity that could be used in the XML attribute onClick.
-keepclassmembers class * extends android.app.Activity {
    public void *(android.view.View);
}

# For enumeration classes, see http://proguard.sourceforge.net/manual/examples.html#enumerations
-keepclassmembers enum * {
    public static **[] values();
    public static ** valueOf(java.lang.String);
}

-keepclassmembers class * implements android.os.Parcelable {
    public static final ** CREATOR;
}

# Preserve annotated Javascript interface methods.
-keepclassmembers class * {
    @android.webkit.JavascriptInterface <methods>;
}

# The support libraries contains references to newer platform versions.
# Don't warn about those in case this app is linking against an older
# platform version. We know about them, and they are safe.
-dontnote android.support.**
-dontnote androidx.**
-dontwarn android.support.**
-dontwarn androidx.**

# This class is deprecated, but remains for backward compatibility.
-dontwarn android.util.FloatMath

# Understand the @Keep support annotation.
-keep class android.support.annotation.Keep
-keep class androidx.annotation.Keep

-keep @android.support.annotation.Keep class * {*;}
-keep @androidx.annotation.Keep class * {*;}

-keepclasseswithmembers class * {
    @android.support.annotation.Keep <methods>;
}

-keepclasseswithmembers class * {
    @androidx.annotation.Keep <methods>;
}

-keepclasseswithmembers class * {
    @android.support.annotation.Keep <fields>;
}

-keepclasseswithmembers class * {
    @androidx.annotation.Keep <fields>;
}

-keepclasseswithmembers class * {
    @android.support.annotation.Keep <init>(...);
}

-keepclasseswithmembers class * {
    @androidx.annotation.Keep <init>(...);
}

# These classes are duplicated between android.jar and org.apache.http.legacy.jar.
-dontnote org.apache.http.**
-dontnote android.net.http.**

# These classes are duplicated between android.jar and core-lambda-stubs.jar.
-dontnote java.lang.invoke.**

# End of content from default_proguard_files\global\proguard-android-optimize.txt-7.0.4
# The proguard configuration file for the following section is LibraryNepal\app\proguard-rules.pro
# Add project specific ProGuard rules here.
# You can control the set of applied configuration files using the
# proguardFiles setting in build.gradle.
#
# For more details, see
#   http://developer.android.com/guide/developing/tools/proguard.html

# If your project uses WebView with JS, uncomment the following
# and specify the fully qualified class name to the JavaScript interface
# class:
#-keepclassmembers class fqcn.of.javascript.interface.for.webview {
#   public *;
#}

# Uncomment this to preserve the line number information for
# debugging stack traces.
#-keepattributes SourceFile,LineNumberTable

# If you keep the line number information, uncomment this to
# hide the original source file name.
#-renamesourcefileattribute SourceFile
# End of content from LibraryNepal\app\proguard-rules.pro
# The proguard configuration file for the following section is aapt_proguard_file\release\aapt_rules.txt
-keep class androidx.core.app.CoreComponentFactory { <init>(); }
-keep class androidx.multidex.MultiDexApplication { <init>(); }
-keep class androidx.room.MultiInstanceInvalidationService { <init>(); }
-keep class androidx.startup.InitializationProvider { <init>(); }
-keep class androidx.work.impl.background.systemalarm.ConstraintProxy$BatteryChargingProxy { <init>(); }
-keep class androidx.work.impl.background.systemalarm.ConstraintProxy$BatteryNotLowProxy { <init>(); }
-keep class androidx.work.impl.background.systemalarm.ConstraintProxy$NetworkStateProxy { <init>(); }
-keep class androidx.work.impl.background.systemalarm.ConstraintProxy$StorageNotLowProxy { <init>(); }
-keep class androidx.work.impl.background.systemalarm.ConstraintProxyUpdateReceiver { <init>(); }
-keep class androidx.work.impl.background.systemalarm.RescheduleReceiver { <init>(); }
-keep class androidx.work.impl.background.systemalarm.SystemAlarmService { <init>(); }
-keep class androidx.work.impl.background.systemjob.SystemJobService { <init>(); }
-keep class androidx.work.impl.diagnostics.DiagnosticsReceiver { <init>(); }
-keep class androidx.work.impl.foreground.SystemForegroundService { <init>(); }
-keep class androidx.work.impl.utils.ForceStopRunnable$BroadcastReceiver { <init>(); }
-keep class com.google.android.gms.ads.AdActivity { <init>(); }
-keep class com.google.android.gms.ads.AdService { <init>(); }
-keep class com.google.android.gms.ads.MobileAdsInitProvider { <init>(); }
-keep class com.google.android.gms.common.api.GoogleApiActivity { <init>(); }
-keep class library.files.librarynepal.Homepage { <init>(); }
-keep class library.files.librarynepal.MainActivity { <init>(); }
-keep class library.files.librarynepal.Nepaledsystempdf { <init>(); }
-keep class library.files.librarynepal.class10cs { <init>(); }
-keep class library.files.librarynepal.class10english { <init>(); }
-keep class library.files.librarynepal.class10ganit { <init>(); }
-keep class library.files.librarynepal.class10hpe { <init>(); }
-keep class library.files.librarynepal.class10math { <init>(); }
-keep class library.files.librarynepal.class10nepali { <init>(); }
-keep class library.files.librarynepal.class10optmath { <init>(); }
-keep class library.files.librarynepal.class10optscience { <init>(); }
-keep class library.files.librarynepal.class10pop { <init>(); }
-keep class library.files.librarynepal.class10science { <init>(); }
-keep class library.files.librarynepal.class1english { <init>(); }
-keep class library.files.librarynepal.class1hamroserofero { <init>(); }
-keep class library.files.librarynepal.class1math { <init>(); }
-keep class library.files.librarynepal.class1nepali { <init>(); }
-keep class library.files.librarynepal.class2english { <init>(); }
-keep class library.files.librarynepal.class2math { <init>(); }
-keep class library.files.librarynepal.class2science { <init>(); }
-keep class library.files.librarynepal.class2socialss { <init>(); }
-keep class library.files.librarynepal.class3english { <init>(); }
-keep class library.files.librarynepal.class3math { <init>(); }
-keep class library.files.librarynepal.class3myenglish { <init>(); }
-keep class library.files.librarynepal.class3science { <init>(); }
-keep class library.files.librarynepal.class3socialss { <init>(); }
-keep class library.files.librarynepal.class4english { <init>(); }
-keep class library.files.librarynepal.class4ganit { <init>(); }
-keep class library.files.librarynepal.class4math { <init>(); }
-keep class library.files.librarynepal.class4science { <init>(); }
-keep class library.files.librarynepal.class4social { <init>(); }
-keep class library.files.librarynepal.class5english { <init>(); }
-keep class library.files.librarynepal.class5ganit { <init>(); }
-keep class library.files.librarynepal.class5math { <init>(); }
-keep class library.files.librarynepal.class5science { <init>(); }
-keep class library.files.librarynepal.class5social { <init>(); }
-keep class library.files.librarynepal.class6english { <init>(); }
-keep class library.files.librarynepal.class6hpe { <init>(); }
-keep class library.files.librarynepal.class6moraledn { <init>(); }
-keep class library.files.librarynepal.class6occupation { <init>(); }
-keep class library.files.librarynepal.class6science { <init>(); }
-keep class library.files.librarynepal.class7english { <init>(); }
-keep class library.files.librarynepal.class7hpe { <init>(); }
-keep class library.files.librarynepal.class7moraledn { <init>(); }
-keep class library.files.librarynepal.class7occupation { <init>(); }
-keep class library.files.librarynepal.class7science { <init>(); }
-keep class library.files.librarynepal.class8english { <init>(); }
-keep class library.files.librarynepal.class8hpe { <init>(); }
-keep class library.files.librarynepal.class8math { <init>(); }
-keep class library.files.librarynepal.class8moraledn { <init>(); }
-keep class library.files.librarynepal.class8science { <init>(); }
-keep class library.files.librarynepal.class9computer { <init>(); }
-keep class library.files.librarynepal.class9english { <init>(); }
-keep class library.files.librarynepal.class9ganit { <init>(); }
-keep class library.files.librarynepal.class9math { <init>(); }
-keep class library.files.librarynepal.class9nepali { <init>(); }
-keep class library.files.librarynepal.class9optenglish { <init>(); }
-keep class library.files.librarynepal.class9optscience { <init>(); }
-keep class library.files.librarynepal.class9science { <init>(); }
-keep class library.files.librarynepal.grade1 { <init>(); }
-keep class library.files.librarynepal.grade10 { <init>(); }
-keep class library.files.librarynepal.grade11 { <init>(); }
-keep class library.files.librarynepal.grade12 { <init>(); }
-keep class library.files.librarynepal.grade2 { <init>(); }
-keep class library.files.librarynepal.grade3 { <init>(); }
-keep class library.files.librarynepal.grade4 { <init>(); }
-keep class library.files.librarynepal.grade5 { <init>(); }
-keep class library.files.librarynepal.grade6 { <init>(); }
-keep class library.files.librarynepal.grade7 { <init>(); }
-keep class library.files.librarynepal.grade8 { <init>(); }
-keep class library.files.librarynepal.grade9 { <init>(); }
-keep class library.files.librarynepal.gradingsystempdf { <init>(); }
-keep class library.files.librarynepal.highersecondary { <init>(); }
-keep class library.files.librarynepal.introactivity { <init>(); }
-keep class library.files.librarynepal.lowersecondary { <init>(); }
-keep class library.files.librarynepal.modelquestion_class10 { <init>(); }
-keep class library.files.librarynepal.modelquestion_class11 { <init>(); }
-keep class library.files.librarynepal.modelquestion_class12 { <init>(); }
-keep class library.files.librarynepal.modelquestion_class8 { <init>(); }
-keep class library.files.librarynepal.modelquestion_class9 { <init>(); }
-keep class library.files.librarynepal.primarylevel { <init>(); }
-keep class library.files.librarynepal.secondary { <init>(); }
-keep class library.files.librarynepal.solution { <init>(); }
-keep class library.files.librarynepal.solutionbook_class10 { <init>(); }
-keep class library.files.librarynepal.solutionbook_class11 { <init>(); }
-keep class library.files.librarynepal.solutionbook_class12 { <init>(); }
-keep class library.files.librarynepal.solutionbook_class8 { <init>(); }
-keep class library.files.librarynepal.solutionbook_class9 { <init>(); }
-keep class library.files.librarynepal.solutionwilladdsoon { <init>(); }
-keep class library.files.librarynepal.terms_and_conditions { <init>(); }
-keep class android.widget.Space { <init>(android.content.Context, android.util.AttributeSet); }

-keep class androidx.appcompat.app.AlertController$RecycleListView { <init>(android.content.Context, android.util.AttributeSet); }

-keep class androidx.appcompat.view.menu.ActionMenuItemView { <init>(android.content.Context, android.util.AttributeSet); }

-keep class androidx.appcompat.view.menu.ExpandedMenuView { <init>(android.content.Context, android.util.AttributeSet); }

-keep class androidx.appcompat.view.menu.ListMenuItemView { <init>(android.content.Context, android.util.AttributeSet); }

-keep class androidx.appcompat.widget.ActionBarContainer { <init>(android.content.Context, android.util.AttributeSet); }

-keep class androidx.appcompat.widget.ActionBarContextView { <init>(android.content.Context, android.util.AttributeSet); }

-keep class androidx.appcompat.widget.ActionBarOverlayLayout { <init>(android.content.Context, android.util.AttributeSet); }

-keep class androidx.appcompat.widget.ActionMenuView { <init>(android.content.Context, android.util.AttributeSet); }

-keep class androidx.appcompat.widget.ActivityChooserView$InnerLayout { <init>(android.content.Context, android.util.AttributeSet); }

-keep class androidx.appcompat.widget.AlertDialogLayout { <init>(android.content.Context, android.util.AttributeSet); }

-keep class androidx.appcompat.widget.ButtonBarLayout { <init>(android.content.Context, android.util.AttributeSet); }

-keep class androidx.appcompat.widget.ContentFrameLayout { <init>(android.content.Context, android.util.AttributeSet); }

-keep class androidx.appcompat.widget.DialogTitle { <init>(android.content.Context, android.util.AttributeSet); }

-keep class androidx.appcompat.widget.FitWindowsFrameLayout { <init>(android.content.Context, android.util.AttributeSet); }

-keep class androidx.appcompat.widget.FitWindowsLinearLayout { <init>(android.content.Context, android.util.AttributeSet); }

-keep class androidx.appcompat.widget.SearchView$SearchAutoComplete { <init>(android.content.Context, android.util.AttributeSet); }

-keep class androidx.appcompat.widget.Toolbar { <init>(android.content.Context, android.util.AttributeSet); }

-keep class androidx.appcompat.widget.ViewStubCompat { <init>(android.content.Context, android.util.AttributeSet); }

-keep class androidx.browser.browseractions.BrowserActionsFallbackMenuView { <init>(android.content.Context, android.util.AttributeSet); }

-keep class androidx.constraintlayout.widget.Barrier { <init>(android.content.Context, android.util.AttributeSet); }

-keep class androidx.constraintlayout.widget.ConstraintLayout { <init>(android.content.Context, android.util.AttributeSet); }

-keep class androidx.constraintlayout.widget.Guideline { <init>(android.content.Context, android.util.AttributeSet); }

-keep class androidx.coordinatorlayout.widget.CoordinatorLayout { <init>(android.content.Context, android.util.AttributeSet); }

-keep class androidx.core.widget.NestedScrollView { <init>(android.content.Context, android.util.AttributeSet); }

-keep class androidx.drawerlayout.widget.DrawerLayout { <init>(android.content.Context, android.util.AttributeSet); }

-keep class androidx.navigation.fragment.NavHostFragment { <init>(); }

-keep class androidx.recyclerview.widget.RecyclerView { <init>(android.content.Context, android.util.AttributeSet); }

-keep class androidx.viewpager.widget.ViewPager { <init>(android.content.Context, android.util.AttributeSet); }

-keep class com.example.librarynepal.FirstFragment { <init>(...); }

-keep class com.example.librarynepal.SecondFragment { <init>(...); }

-keep class com.github.barteksc.pdfviewer.PDFView { <init>(android.content.Context, android.util.AttributeSet); }

-keep class com.google.android.gms.ads.AdView { <init>(android.content.Context, android.util.AttributeSet); }

-keep class com.google.android.material.appbar.MaterialToolbar { <init>(android.content.Context, android.util.AttributeSet); }

-keep class com.google.android.material.button.MaterialButton { <init>(android.content.Context, android.util.AttributeSet); }

-keep class com.google.android.material.button.MaterialButtonToggleGroup { <init>(android.content.Context, android.util.AttributeSet); }

-keep class com.google.android.material.chip.Chip { <init>(android.content.Context, android.util.AttributeSet); }

-keep class com.google.android.material.chip.ChipGroup { <init>(android.content.Context, android.util.AttributeSet); }

-keep class com.google.android.material.datepicker.MaterialCalendarGridView { <init>(android.content.Context, android.util.AttributeSet); }

-keep class com.google.android.material.internal.BaselineLayout { <init>(android.content.Context, android.util.AttributeSet); }

-keep class com.google.android.material.internal.CheckableImageButton { <init>(android.content.Context, android.util.AttributeSet); }

-keep class com.google.android.material.internal.NavigationMenuItemView { <init>(android.content.Context, android.util.AttributeSet); }

-keep class com.google.android.material.internal.NavigationMenuView { <init>(android.content.Context, android.util.AttributeSet); }

-keep class com.google.android.material.navigation.NavigationView { <init>(android.content.Context, android.util.AttributeSet); }

-keep class com.google.android.material.snackbar.Snackbar$SnackbarLayout { <init>(android.content.Context, android.util.AttributeSet); }

-keep class com.google.android.material.snackbar.SnackbarContentLayout { <init>(android.content.Context, android.util.AttributeSet); }

-keep class com.google.android.material.tabs.TabLayout { <init>(android.content.Context, android.util.AttributeSet); }

-keep class com.google.android.material.textfield.TextInputEditText { <init>(android.content.Context, android.util.AttributeSet); }

-keep class com.google.android.material.textfield.TextInputLayout { <init>(android.content.Context, android.util.AttributeSet); }

-keep class com.google.android.material.textview.MaterialTextView { <init>(android.content.Context, android.util.AttributeSet); }

-keep class com.google.android.material.timepicker.ChipTextInputComboView { <init>(android.content.Context, android.util.AttributeSet); }

-keep class com.google.android.material.timepicker.ClockFaceView { <init>(android.content.Context, android.util.AttributeSet); }

-keep class com.google.android.material.timepicker.ClockHandView { <init>(android.content.Context, android.util.AttributeSet); }

-keep class com.google.android.material.timepicker.TimePickerView { <init>(android.content.Context, android.util.AttributeSet); }

-keep class com.smarteist.autoimageslider.SliderView { <init>(android.content.Context, android.util.AttributeSet); }


# End of content from aapt_proguard_file\release\aapt_rules.txt
# The proguard configuration file for the following section is transformed\navigation-ui-2.3.5\proguard.txt
# Copyright (C) 2019 The Android Open Source Project
#
# Licensed under the Apache License, Version 2.0 (the "License");
# you may not use this file except in compliance with the License.
# You may obtain a copy of the License at
#
#      http://www.apache.org/licenses/LICENSE-2.0
#