app/build/outputs/mapping/release/seeds.txt
library.files.librarynepal.class2math
library.files.librarynepal.class5science
library.files.librarynepal.solutionbook_class10
library.files.librarynepal.terms_and_conditions
library.files.librarynepal.introactivity
library.files.librarynepal.class3myenglish
library.files.librarynepal.class6hpe
library.files.librarynepal.solution
library.files.librarynepal.class10science
library.files.librarynepal.MainActivity
library.files.librarynepal.Nepaledsystempdf
library.files.librarynepal.class5ganit
library.files.librarynepal.grade1
library.files.librarynepal.solutionwilladdsoon
library.files.librarynepal.lowersecondary
library.files.librarynepal.class10cs
library.files.librarynepal.class8moraledn
library.files.librarynepal.class8math
library.files.librarynepal.class3science
library.files.librarynepal.grade9
library.files.librarynepal.modelquestion_class12
library.files.librarynepal.grade7
library.files.librarynepal.class4english
library.files.librarynepal.class4science
library.files.librarynepal.highersecondary
library.files.librarynepal.grade8
library.files.librarynepal.class6science
library.files.librarynepal.class9math
library.files.librarynepal.class5social
library.files.librarynepal.class10optscience
library.files.librarynepal.class9computer
library.files.librarynepal.class1english
library.files.librarynepal.grade4
library.files.librarynepal.class1hamroserofero
library.files.librarynepal.class5english
library.files.librarynepal.Homepage
library.files.librarynepal.primarylevel
library.files.librarynepal.class10english
library.files.librarynepal.secondary
library.files.librarynepal.solutionbook_class12
library.files.librarynepal.grade12
library.files.librarynepal.class8english
library.files.librarynepal.class3socialss
library.files.librarynepal.class7english
library.files.librarynepal.gradingsystempdf
library.files.librarynepal.class9optenglish
library.files.librarynepal.class7moraledn
library.files.librarynepal.class10pop
library.files.librarynepal.class1nepali
library.files.librarynepal.class2english
library.files.librarynepal.solutionbook_class8
library.files.librarynepal.class2science
library.files.librarynepal.class1math
library.files.librarynepal.class8science
library.files.librarynepal.class7hpe
library.files.librarynepal.class2socialss
library.files.librarynepal.class9optscience
library.files.librarynepal.class3english
library.files.librarynepal.class4math
library.files.librarynepal.class4social
library.files.librarynepal.modelquestion_class9
library.files.librarynepal.class8hpe
library.files.librarynepal.grade2
library.files.librarynepal.grade11
library.files.librarynepal.grade5
library.files.librarynepal.modelquestion_class8
library.files.librarynepal.class7science
library.files.librarynepal.class6moraledn
library.files.librarynepal.class9ganit
library.files.librarynepal.class10ganit
library.files.librarynepal.class6occupation
library.files.librarynepal.class4ganit
library.files.librarynepal.modelquestion_class10
library.files.librarynepal.class6english
library.files.librarynepal.grade3
library.files.librarynepal.class7occupation
library.files.librarynepal.grade6
library.files.librarynepal.grade10
library.files.librarynepal.class3math
library.files.librarynepal.solutionbook_class11
library.files.librarynepal.class10math
library.files.librarynepal.class10nepali
library.files.librarynepal.class10optmath
library.files.librarynepal.class5math
library.files.librarynepal.class9english
library.files.librarynepal.class9nepali
library.files.librarynepal.solutionbook_class9
library.files.librarynepal.class9science
library.files.librarynepal.modelquestion_class11
library.files.librarynepal.class10hpe
library.files.librarynepal.class7science: class7science()
library.files.librarynepal.class5ganit: class5ganit()
library.files.librarynepal.modelquestion_class11: modelquestion_class11()
library.files.librarynepal.class8math: class8math()
library.files.librarynepal.solution: solution()
library.files.librarynepal.grade1: grade1()
...
com.basgeekball.awesomevalidation.R$styleable: int OnSwipe_onTouchUp
com.basgeekball.awesomevalidation.R$attr: int errorTextColor
com.basgeekball.awesomevalidation.R$styleable: int ConstraintLayout_Layout_flow_horizontalStyle
com.basgeekball.awesomevalidation.R$styleable: int KeyPosition_transitionEasing
com.basgeekball.awesomevalidation.R$string: int path_password_eye_mask_strike_through
com.basgeekball.awesomevalidation.R$styleable: int ConstraintLayout_Layout_android_paddingEnd
com.basgeekball.awesomevalidation.R$styleable: int ActionBar_contentInsetStart
com.basgeekball.awesomevalidation.R$dimen: int cardview_default_elevation
com.basgeekball.awesomevalidation.R$style: int Base_Widget_AppCompat_SearchView
com.basgeekball.awesomevalidation.R$styleable: int AppCompatTheme_dialogCornerRadius
com.google.android.gms.internal.ads.zzgju: byte zzk
com.basgeekball.awesomevalidation.R$style: int Widget_MaterialComponents_Snackbar
com.basgeekball.awesomevalidation.R$dimen: int mtrl_slider_label_square_side
com.basgeekball.awesomevalidation.R$color: int mtrl_on_primary_text_btn_text_color_selector
com.basgeekball.awesomevalidation.R$layout: int design_layout_tab_text
com.basgeekball.awesomevalidation.R$styleable: int MockView_mock_label
com.basgeekball.awesomevalidation.R$styleable: int[] Motion
com.basgeekball.awesomevalidation.R$attr: int customFloatValue
com.basgeekball.awesomevalidation.R$styleable: int Constraint_android_minWidth
com.basgeekball.awesomevalidation.R$styleable: int TabLayout_tabInlineLabel
com.google.android.gms.internal.ads.zzbbt: com.google.android.gms.internal.ads.zzbbt zzg
com.basgeekball.awesomevalidation.R$attr: int materialCalendarHeaderSelection
com.basgeekball.awesomevalidation.R$id: int parallax
com.basgeekball.awesomevalidation.R$styleable: int ConstraintSet_constraintRotate
com.google.android.gms.internal.ads.zzbbi: int zzo
com.basgeekball.awesomevalidation.R$style: int Widget_AppCompat_ButtonBar_AlertDialog
com.basgeekball.awesomevalidation.R$styleable: int Layout_layout_constraintBaseline_toBaselineOf
com.basgeekball.awesomevalidation.R$styleable: int[] CoordinatorLayout_Layout
com.basgeekball.awesomevalidation.R$attr: int tabRippleColor
com.google.common.base.CaseFormat: com.google.common.base.CaseFormat LOWER_UNDERSCORE
com.basgeekball.awesomevalidation.R$styleable: int Badge_horizontalOffset
com.google.android.gms.internal.ads.zzfzm: com.google.android.gms.internal.ads.zzfzm zze
com.google.android.gms.internal.ads.zzapj: android.os.Parcelable$Creator CREATOR
com.google.android.gms.internal.ads.zzgkd: java.lang.String zzf
com.basgeekball.awesomevalidation.R$dimen: int mtrl_calendar_pre_l_text_clip_padding
com.google.android.gms.internal.ads.zzgkg: boolean zzr
com.basgeekball.awesomevalidation.R$style: int Widget_MaterialComponents_MaterialCalendar_Day_Invalid
com.basgeekball.awesomevalidation.R$styleable: int Layout_layout_goneMarginTop
com.basgeekball.awesomevalidation.R$dimen: int material_clock_period_toggle_margin_left
com.basgeekball.awesomevalidation.R$attr: int actionBarSplitStyle
com.basgeekball.awesomevalidation.R$style: int MaterialAlertDialog_MaterialComponents_Title_Text_CenterStacked
com.basgeekball.awesomevalidation.R$styleable: int ConstraintLayout_Layout_flow_firstHorizontalBias
com.basgeekball.awesomevalidation.R$layout: int abc_action_bar_up_container
com.basgeekball.awesomevalidation.R$attr: int dividerPadding
com.basgeekball.awesomevalidation.R$styleable: int Constraint_constraint_referenced_ids
com.basgeekball.awesomevalidation.R$attr: int tabIndicatorAnimationMode
com.basgeekball.awesomevalidation.R$dimen: int design_appbar_elevation
com.basgeekball.awesomevalidation.ValidationHolder: java.util.regex.Pattern mPattern
com.basgeekball.awesomevalidation.R$attr: int cornerSize
com.basgeekball.awesomevalidation.R$style: int ThemeOverlay_MaterialComponents_BottomAppBar_Primary
com.google.android.gms.internal.ads.zzgab: int zzb