app/build/outputs/mapping/release/usage.txt
library.files.librarynepal.BuildConfig
library.files.librarynepal.DBHelper
library.files.librarynepal.FirstFragment$1
library.files.librarynepal.FirstFragment
library.files.librarynepal.Homepage:
    android.widget.Button btn1
    android.widget.Button btn2
    android.widget.Button btn3
library.files.librarynepal.IntroScreenItem:
    public void setDescription(java.lang.String)
    public void setScreenImg(int)
    public void setTitle(java.lang.String)
library.files.librarynepal.MainActivity2$1
library.files.librarynepal.MainActivity2$2
library.files.librarynepal.MainActivity2$3
library.files.librarynepal.MainActivity2
library.files.librarynepal.MainActivity:
    private static final int SPLASH_SCREEN
    android.view.animation.Animation topAnim
library.files.librarynepal.R$anim
library.files.librarynepal.R$animator
library.files.librarynepal.R$array
library.files.librarynepal.R$attr
library.files.librarynepal.R$bool
library.files.librarynepal.R$color
library.files.librarynepal.R$dimen
library.files.librarynepal.R$drawable
library.files.librarynepal.R$font
library.files.librarynepal.R$id
library.files.librarynepal.R$integer
library.files.librarynepal.R$interpolator
library.files.librarynepal.R$layout
library.files.librarynepal.R$menu
library.files.librarynepal.R$mipmap
library.files.librarynepal.R$navigation
library.files.librarynepal.R$plurals
library.files.librarynepal.R$raw
library.files.librarynepal.R$string
library.files.librarynepal.R$style
library.files.librarynepal.R$styleable
library.files.librarynepal.R$xml
library.files.librarynepal.R
library.files.librarynepal.ResetActivity$1
library.files.librarynepal.ResetActivity$2
library.files.librarynepal.ResetActivity$3
library.files.librarynepal.ResetActivity
library.files.librarynepal.SecondFragment$1
library.files.librarynepal.SecondFragment
library.files.librarynepal.SignIn_Activity$1
library.files.librarynepal.SignIn_Activity$2
library.files.librarynepal.SignIn_Activity$3
library.files.librarynepal.SignIn_Activity$4
library.files.librarynepal.SignIn_Activity$5
library.files.librarynepal.SignIn_Activity
library.files.librarynepal.databinding.ActivityClass10csBinding
library.files.librarynepal.databinding.ActivityClass10englishBinding
library.files.librarynepal.databinding.ActivityClass10ganitBinding
library.files.librarynepal.databinding.ActivityClass10hpeBinding
library.files.librarynepal.databinding.ActivityClass10mathBinding
library.files.librarynepal.databinding.ActivityClass10nepaliBinding
library.files.librarynepal.databinding.ActivityClass10optmathBinding
library.files.librarynepal.databinding.ActivityClass10optscienceBinding
library.files.librarynepal.databinding.ActivityClass10popBinding
library.files.librarynepal.databinding.ActivityClass10scienceBinding
library.files.librarynepal.databinding.ActivityClass1englishBinding
library.files.librarynepal.databinding.ActivityClass1hamroseroferoBinding
library.files.librarynepal.databinding.ActivityClass1mathBinding
library.files.librarynepal.databinding.ActivityClass1nepaliBinding
library.files.librarynepal.databinding.ActivityClass2englishBinding
library.files.librarynepal.databinding.ActivityClass2mathBinding
library.files.librarynepal.databinding.ActivityClass2scienceBinding
library.files.librarynepal.databinding.ActivityClass2socialssBinding
library.files.librarynepal.databinding.ActivityClass3englishBinding
library.files.librarynepal.databinding.ActivityClass3mathBinding
library.files.librarynepal.databinding.ActivityClass3myenglishBinding
library.files.librarynepal.databinding.ActivityClass3scienceBinding
library.files.librarynepal.databinding.ActivityClass3socialssBinding
library.files.librarynepal.databinding.ActivityClass4englishBinding
library.files.librarynepal.databinding.ActivityClass4ganitBinding
library.files.librarynepal.databinding.ActivityClass4mathBinding
library.files.librarynepal.databinding.ActivityClass4scienceBinding
library.files.librarynepal.databinding.ActivityClass4socialBinding
...
androidx.appcompat.app.WindowDecorActionBar$ActionModeImpl:
    public boolean dispatchOnCreate()
androidx.appcompat.app.WindowDecorActionBar:
    public android.app.Activity mActivity
    public boolean mHiddenByApp
    public int mSavedTabPosition
    public androidx.appcompat.widget.ScrollingTabContainerView mTabScrollView
    public java.util.ArrayList mTabs
    public static boolean checkShowingFlags(boolean,boolean,boolean)
    public void completeDeferredDestroyActionMode()
    public void doHide(boolean)
    public void doShow(boolean)
    public void enableContentAnimations(boolean)
    public final androidx.appcompat.widget.DecorToolbar getDecorToolbar(android.view.View)
    public int getNavigationMode()
    public final void hideForActionMode()
    public void hideForSystem()
    public void onContentScrollStarted()
    public void onContentScrollStopped()
    public void onWindowVisibilityChanged(int)
    public void setDisplayHomeAsUpEnabled(boolean)
    public void setDisplayOptions(int,int)
    public void setElevation(float)
    public void setHideOnContentScrollEnabled(boolean)
    public void setHomeButtonEnabled(boolean)
    public final boolean shouldAnimateContextView()
    public final void showForActionMode()
    public void showForSystem()
androidx.appcompat.graphics.drawable.AnimatedStateListDrawableCompat$AnimatedStateListState:
    public int addStateSet(int[],android.graphics.drawable.Drawable,int)
    public int addTransition(int,int,android.graphics.drawable.Drawable,boolean)
    public int indexOfKeyframe(int[])
    public int indexOfTransition(int,int)
    public boolean isTransitionReversed(int,int)
    public boolean transitionHasReversibleFlag(int,int)
androidx.appcompat.graphics.drawable.AnimatedStateListDrawableCompat$FrameInterpolator:
    public int getTotalDuration()
    public int updateFrames(android.graphics.drawable.AnimationDrawable,boolean)
androidx.appcompat.graphics.drawable.AnimatedStateListDrawableCompat$Transition:
    public void <init>()
androidx.appcompat.graphics.drawable.AnimatedStateListDrawableCompat:
    public static final java.lang.String LOGTAG
    public androidx.appcompat.graphics.drawable.AnimatedStateListDrawableCompat$AnimatedStateListState cloneConstantState()
    public void inflate(android.content.Context,android.content.res.Resources,org.xmlpull.v1.XmlPullParser,android.util.AttributeSet,android.content.res.Resources$Theme)
    public final void inflateChildElements(android.content.Context,android.content.res.Resources,org.xmlpull.v1.XmlPullParser,android.util.AttributeSet,android.content.res.Resources$Theme)
    public final void init()
    public final int parseItem(android.content.Context,android.content.res.Resources,org.xmlpull.v1.XmlPullParser,android.util.AttributeSet,android.content.res.Resources$Theme)
    public final int parseTransition(android.content.Context,android.content.res.Resources,org.xmlpull.v1.XmlPullParser,android.util.AttributeSet,android.content.res.Resources$Theme)
    public final boolean selectTransition(int)
    public final void updateStateFromTypedArray(android.content.res.TypedArray)
androidx.appcompat.graphics.drawable.DrawableContainer$Api21Impl
androidx.appcompat.graphics.drawable.DrawableContainer$BlockInvalidateCallback:
    public android.graphics.drawable.Drawable$Callback unwrap()
    public androidx.appcompat.graphics.drawable.DrawableContainer$BlockInvalidateCallback wrap(android.graphics.drawable.Drawable$Callback)